<?xml version="1.0" encoding="UTF-8"?>
<testng-results ignored="0" total="1" passed="1" failed="0" skipped="0">
  <reporter-output>
  </reporter-output>
  <suite started-at="2026-04-15T15:45:12 IST" name="Suite" finished-at="2026-04-15T15:45:22 IST" duration-ms="9716">
    <groups>
    </groups>
    <test started-at="2026-04-15T15:45:12 IST" name="Test" finished-at="2026-04-15T15:45:22 IST" duration-ms="9716">
      <class name="tests.SeleniumPrograms2">
        <test-method is-config="true" signature="setup()[pri:0, instance:tests.SeleniumPrograms2@15eb5ee5]" started-at="2026-04-15T15:45:12 IST" name="setup" finished-at="2026-04-15T15:45:15 IST" duration-ms="3361" status="PASS">
          <reporter-output>
          </reporter-output>
        </test-method> <!-- setup -->
        <test-method signature="openAmazon()[pri:0, instance:tests.SeleniumPrograms2@15eb5ee5]" started-at="2026-04-15T15:45:15 IST" name="openAmazon" finished-at="2026-04-15T15:45:22 IST" duration-ms="6285" status="PASS">
          <reporter-output>
          </reporter-output>
        </test-method> <!-- openAmazon -->
      </class> <!-- tests.SeleniumPrograms2 -->
    </test> <!-- Test -->
  </suite> <!-- Suite -->
</testng-results>
