<?xml version="1.0" encoding="UTF-8"?>
<testng-results ignored="0" total="1" passed="1" failed="0" skipped="0">
  <reporter-output>
  </reporter-output>
  <suite started-at="2026-04-10T20:26:02 IST" name="Default suite" finished-at="2026-04-10T20:26:17 IST" duration-ms="15534">
    <groups>
    </groups>
    <test started-at="2026-04-10T20:26:02 IST" name="Default test" finished-at="2026-04-10T20:26:17 IST" duration-ms="15534">
      <class name="tests.SeleniumPrograms2">
        <test-method is-config="true" signature="setup()[pri:0, instance:tests.SeleniumPrograms2@128d2484]" started-at="2026-04-10T20:26:02 IST" name="setup" finished-at="2026-04-10T20:26:07 IST" duration-ms="5029" status="PASS">
          <reporter-output>
          </reporter-output>
        </test-method> <!-- setup -->
        <test-method signature="openAmazon()[pri:0, instance:tests.SeleniumPrograms2@128d2484]" started-at="2026-04-10T20:26:07 IST" name="openAmazon" finished-at="2026-04-10T20:26:16 IST" duration-ms="9590" status="PASS">
          <reporter-output>
          </reporter-output>
        </test-method> <!-- openAmazon -->
        <test-method is-config="true" signature="tearDown()[pri:0, instance:tests.SeleniumPrograms2@128d2484]" started-at="2026-04-10T20:26:16 IST" name="tearDown" finished-at="2026-04-10T20:26:17 IST" duration-ms="819" status="PASS">
          <reporter-output>
          </reporter-output>
        </test-method> <!-- tearDown -->
      </class> <!-- tests.SeleniumPrograms2 -->
    </test> <!-- Default test -->
  </suite> <!-- Default suite -->
</testng-results>
